<?xml version="1.0" encoding="UTF-8"?>
<!-- Generated by org.testng.reporters.JUnitReportReporter -->
<testsuite hostname="LAPTOP-0G3UA0B2" failures="0" tests="3" name="com.crm.qa.testcases.WithdrawalTest" time="44.647" errors="0" timestamp="08 Mar 2024 07:21:32 GMT" skipped="0">
  <testcase classname="com.crm.qa.testcases.WithdrawalTest" name="Verify_Withdraw_With_ValideAmmount" time="15.100"/>
  <testcase classname="com.crm.qa.testcases.WithdrawalTest" name="Verify_Withdraw_With_InValideAmmount" time="14.026"/>
  <testcase classname="com.crm.qa.testcases.WithdrawalTest" name="Verify_Withdraw_With_InSufficient" time="15.521"/>
</testsuite> <!-- com.crm.qa.testcases.WithdrawalTest -->
