<?xml version="1.0" encoding="UTF-8"?>
<!-- Generated by org.testng.reporters.JUnitReportReporter -->
<testsuite hostname="LAPTOP-0G3UA0B2" failures="0" tests="1" name="com.crm.qa.testcases.BankManagerLoginPageTest" time="7.073" errors="0" timestamp="08 Mar 2024 10:57:43 GMT" skipped="0">
  <testcase classname="com.crm.qa.testcases.BankManagerLoginPageTest" name="testBankManagerLogin" time="7.073"/>
</testsuite> <!-- com.crm.qa.testcases.BankManagerLoginPageTest -->
