<?xml version="1.0" encoding="UTF-8"?>
<!-- Generated by org.testng.reporters.JUnitReportReporter -->
<testsuite hostname="LAPTOP-0G3UA0B2" failures="0" tests="1" name="com.crm.qa.testcases.BankManagerNavigationPageTest" time="8.591" errors="0" timestamp="08 Mar 2024 07:21:32 GMT" skipped="0">
  <testcase classname="com.crm.qa.testcases.BankManagerNavigationPageTest" name="testBankManagerLogin" time="8.591"/>
</testsuite> <!-- com.crm.qa.testcases.BankManagerNavigationPageTest -->
