<?xml version="1.0" encoding="UTF-8"?>
<!-- Generated by org.testng.reporters.JUnitReportReporter -->
<testsuite hostname="LAPTOP-0G3UA0B2" failures="0" tests="3" name="com.crm.qa.testcases.WithdrawlTest" time="42.370" errors="0" timestamp="08 Mar 2024 10:57:43 GMT" skipped="0">
  <testcase classname="com.crm.qa.testcases.WithdrawlTest" name="Verify_Withdraw_With_ValideAmmount" time="14.735"/>
  <testcase classname="com.crm.qa.testcases.WithdrawlTest" name="Verify_Withdraw_With_InValideAmmount" time="13.317"/>
  <testcase classname="com.crm.qa.testcases.WithdrawlTest" name="Verify_Withdraw_With_InSufficient" time="14.318"/>
</testsuite> <!-- com.crm.qa.testcases.WithdrawlTest -->
