<?xml version="1.0" encoding="UTF-8"?>
<!-- Generated by org.testng.reporters.JUnitReportReporter -->
<testsuite hostname="LAPTOP-0G3UA0B2" failures="0" tests="2" name="com.crm.qa.testcases.DepositTest" time="9.905" errors="0" timestamp="08 Mar 2024 10:57:43 GMT" skipped="0">
  <testcase classname="com.crm.qa.testcases.DepositTest" name="VerifyDepositWithValidAmount" time="4.782"/>
  <testcase classname="com.crm.qa.testcases.DepositTest" name="VerifyDepositWithInvalidAmount" time="5.123"/>
</testsuite> <!-- com.crm.qa.testcases.DepositTest -->
