<?xml version="1.0" encoding="UTF-8"?>
<!-- Generated by org.testng.reporters.JUnitReportReporter -->
<testsuite hostname="LAPTOP-0G3UA0B2" failures="0" tests="3" name="com.crm.qa.testcases.WithdrawlTest" time="47.118" errors="0" timestamp="08 Mar 2024 14:32:44 GMT" skipped="0">
  <testcase classname="com.crm.qa.testcases.WithdrawlTest" name="Verify_Withdraw_With_ValidAmount" time="15.875"/>
  <testcase classname="com.crm.qa.testcases.WithdrawlTest" name="Verify_Withdraw_With_InvalidAmount" time="14.924"/>
  <testcase classname="com.crm.qa.testcases.WithdrawlTest" name="Verify_Withdraw_With_Insufficient" time="16.319"/>
</testsuite> <!-- com.crm.qa.testcases.WithdrawlTest -->
