<?xml version="1.0" encoding="UTF-8"?>
<!-- Generated by org.testng.reporters.JUnitReportReporter -->
<testsuite hostname="LAPTOP-0G3UA0B2" failures="0" tests="3" name="com.crm.qa.testcases.WithdrawlTest" time="43.051" errors="0" timestamp="08 Mar 2024 10:59:37 GMT" skipped="0">
  <testcase classname="com.crm.qa.testcases.WithdrawlTest" name="Verify_Withdraw_With_ValideAmmount" time="14.906"/>
  <testcase classname="com.crm.qa.testcases.WithdrawlTest" name="Verify_Withdraw_With_InValideAmmount" time="13.370"/>
  <testcase classname="com.crm.qa.testcases.WithdrawlTest" name="Verify_Withdraw_With_InSufficient" time="14.775"/>
</testsuite> <!-- com.crm.qa.testcases.WithdrawlTest -->
